{"C:\\Users\\shimm\\Projects\\Work\\MessageBoxII\\MessageBoxServer\\knexfile.js": {"path":"C:\\Users\\shimm\\Projects\\Work\\MessageBoxII\\MessageBoxServer\\knexfile.js","statementMap":{"0":{"start":{"line":1,"column":15},"end":{"line":1,"column":32}},"1":{"start":{"line":3,"column":0},"end":{"line":3,"column":15}},"2":{"start":{"line":5,"column":15},"end":{"line":25,"column":1}},"3":{"start":{"line":8,"column":4},"end":{"line":13,"column":5}},"4":{"start":{"line":9,"column":6},"end":{"line":9,"column":100}},"5":{"start":{"line":11,"column":6},"end":{"line":11,"column":82}},"6":{"start":{"line":12,"column":6},"end":{"line":12,"column":22}},"7":{"start":{"line":27,"column":19},"end":{"line":31,"column":1}},"8":{"start":{"line":33,"column":0},"end":{"line":33,"column":27}}},"fnMap":{"0":{"name":"(anonymous_0)","decl":{"start":{"line":7,"column":15},"end":{"line":7,"column":16}},"loc":{"start":{"line":7,"column":21},"end":{"line":14,"column":3}},"line":7}},"branchMap":{"0":{"loc":{"start":{"line":9,"column":13},"end":{"line":9,"column":100}},"type":"cond-expr","locations":[{"start":{"line":9,"column":46},"end":{"line":9,"column":88}},{"start":{"line":9,"column":91},"end":{"line":9,"column":100}}],"line":9}},"s":{"0":4,"1":4,"2":4,"3":4,"4":4,"5":0,"6":0,"7":4,"8":4},"f":{"0":4},"b":{"0":[0,4]},"inputSourceMap":null,"_coverageSchema":"1a1c01bbd47fc00a2c39e90264f33305004495a9","hash":"5b4ecc2c8464906190d6cdfc3e6a58d21abcb53c"}
,"C:\\Users\\shimm\\Projects\\Work\\MessageBoxII\\MessageBoxServer\\src\\routes\\acknowledgeMessage.ts": {"path":"C:\\Users\\shimm\\Projects\\Work\\MessageBoxII\\MessageBoxServer\\src\\routes\\acknowledgeMessage.ts","statementMap":{"0":{"start":{"line":2,"column":0},"end":{"line":2,"column":42}},"1":{"start":{"line":3,"column":0},"end":{"line":3,"column":31}},"2":{"start":{"line":5,"column":37},"end":{"line":5,"column":48}},"3":{"start":{"line":7,"column":27},"end":{"line":14,"column":null}},"4":{"start":{"line":22,"column":0},"end":{"line":83,"column":null}},"5":{"start":{"line":34,"column":76},"end":{"line":82,"column":null}},"6":{"start":{"line":35,"column":4},"end":{"line":81,"column":5}},"7":{"start":{"line":36,"column":29},"end":{"line":36,"column":37}},"8":{"start":{"line":39,"column":6},"end":{"line":45,"column":7}},"9":{"start":{"line":40,"column":8},"end":{"line":44,"column":null}},"10":{"start":{"line":47,"column":6},"end":{"line":53,"column":7}},"11":{"start":{"line":47,"column":62},"end":{"line":47,"column":84}},"12":{"start":{"line":48,"column":8},"end":{"line":52,"column":null}},"13":{"start":{"line":56,"column":22},"end":{"line":59,"column":14}},"14":{"start":{"line":61,"column":6},"end":{"line":67,"column":7}},"15":{"start":{"line":62,"column":8},"end":{"line":66,"column":null}},"16":{"start":{"line":69,"column":6},"end":{"line":71,"column":7}},"17":{"start":{"line":70,"column":8},"end":{"line":70,"column":null}},"18":{"start":{"line":73,"column":6},"end":{"line":73,"column":null}},"19":{"start":{"line":75,"column":6},"end":{"line":75,"column":null}},"20":{"start":{"line":76,"column":6},"end":{"line":80,"column":null}}},"fnMap":{"0":{"name":"(anonymous_17)","decl":{"start":{"line":34,"column":8},"end":{"line":34,"column":15}},"loc":{"start":{"line":34,"column":76},"end":{"line":82,"column":null}}},"1":{"name":"(anonymous_18)","decl":{"start":{"line":34,"column":76},"end":{"line":34,"column":null}},"loc":{"start":{"line":34,"column":76},"end":{"line":82,"column":3}}},"2":{"name":"(anonymous_19)","decl":{"start":{"line":47,"column":56},"end":{"line":47,"column":58}},"loc":{"start":{"line":47,"column":62},"end":{"line":47,"column":84}}}},"branchMap":{"0":{"loc":{"start":{"line":5,"column":8},"end":{"line":5,"column":32}},"type":"default-arg","locations":[{"start":{"line":5,"column":19},"end":{"line":5,"column":32}}]},"1":{"loc":{"start":{"line":7,"column":27},"end":{"line":14,"column":null}},"type":"cond-expr","locations":[{"start":{"line":11,"column":1},"end":{"line":11,"column":6}},{"start":{"line":11,"column":6},"end":{"line":14,"column":null}}]},"2":{"loc":{"start":{"line":7,"column":27},"end":{"line":11,"column":6}},"type":"binary-expr","locations":[{"start":{"line":7,"column":27},"end":{"line":11,"column":6}},{"start":{"line":11,"column":1},"end":{"line":11,"column":6}}]},"3":{"loc":{"start":{"line":7,"column":27},"end":{"line":10,"column":null}},"type":"cond-expr","locations":[{"start":{"line":7,"column":51},"end":{"line":7,"column":null}},{"start":{"line":7,"column":51},"end":{"line":10,"column":null}}]},"4":{"loc":{"start":{"line":7,"column":27},"end":{"line":7,"column":null}},"type":"binary-expr","locations":[{"start":{"line":7,"column":27},"end":{"line":7,"column":null}},{"start":{"line":7,"column":51},"end":{"line":7,"column":null}}]},"5":{"loc":{"start":{"line":8,"column":2},"end":{"line":10,"column":28}},"type":"cond-expr","locations":[{"start":{"line":9,"column":6},"end":{"line":9,"column":27}},{"start":{"line":10,"column":6},"end":{"line":10,"column":28}}]},"6":{"loc":{"start":{"line":8,"column":2},"end":{"line":8,"column":53}},"type":"binary-expr","locations":[{"start":{"line":8,"column":2},"end":{"line":8,"column":27}},{"start":{"line":8,"column":31},"end":{"line":8,"column":53}}]},"7":{"loc":{"start":{"line":12,"column":2},"end":{"line":14,"column":28}},"type":"cond-expr","locations":[{"start":{"line":13,"column":6},"end":{"line":13,"column":27}},{"start":{"line":14,"column":6},"end":{"line":14,"column":28}}]},"8":{"loc":{"start":{"line":12,"column":2},"end":{"line":12,"column":53}},"type":"binary-expr","locations":[{"start":{"line":12,"column":2},"end":{"line":12,"column":27}},{"start":{"line":12,"column":31},"end":{"line":12,"column":53}}]},"9":{"loc":{"start":{"line":39,"column":6},"end":{"line":45,"column":7}},"type":"if","locations":[{"start":{"line":39,"column":6},"end":{"line":45,"column":7}}]},"10":{"loc":{"start":{"line":39,"column":10},"end":{"line":39,"column":88}},"type":"binary-expr","locations":[{"start":{"line":39,"column":11},"end":{"line":39,"column":29}},{"start":{"line":39,"column":35},"end":{"line":39,"column":60}},{"start":{"line":39,"column":64},"end":{"line":39,"column":87}}]},"11":{"loc":{"start":{"line":47,"column":6},"end":{"line":53,"column":7}},"type":"if","locations":[{"start":{"line":47,"column":6},"end":{"line":53,"column":7}}]},"12":{"loc":{"start":{"line":47,"column":10},"end":{"line":47,"column":85}},"type":"binary-expr","locations":[{"start":{"line":47,"column":10},"end":{"line":47,"column":36}},{"start":{"line":47,"column":40},"end":{"line":47,"column":85}}]},"13":{"loc":{"start":{"line":58,"column":30},"end":{"line":58,"column":83}},"type":"cond-expr","locations":[{"start":{"line":58,"column":58},"end":{"line":58,"column":68}},{"start":{"line":58,"column":71},"end":{"line":58,"column":83}}]},"14":{"loc":{"start":{"line":61,"column":6},"end":{"line":67,"column":7}},"type":"if","locations":[{"start":{"line":61,"column":6},"end":{"line":67,"column":7}}]},"15":{"loc":{"start":{"line":69,"column":6},"end":{"line":71,"column":7}},"type":"if","locations":[{"start":{"line":69,"column":6},"end":{"line":71,"column":7}}]}},"s":{"0":1,"1":1,"2":1,"3":1,"4":1,"5":5,"6":5,"7":5,"8":5,"9":1,"10":4,"11":3,"12":1,"13":3,"14":2,"15":1,"16":1,"17":0,"18":1,"19":1,"20":0},"f":{"0":5,"1":5,"2":3},"b":{"0":[0],"1":[1,0],"2":[1,1],"3":[0,1],"4":[1,1],"5":[0,1],"6":[1,1],"7":[0,0],"8":[0,0],"9":[1],"10":[5,4,3],"11":[1],"12":[4,3],"13":[3,0],"14":[1],"15":[0]}}
,"C:\\Users\\shimm\\Projects\\Work\\MessageBoxII\\MessageBoxServer\\src\\routes\\listMessages.ts": {"path":"C:\\Users\\shimm\\Projects\\Work\\MessageBoxII\\MessageBoxServer\\src\\routes\\listMessages.ts","statementMap":{"0":{"start":{"line":2,"column":0},"end":{"line":2,"column":42}},"1":{"start":{"line":3,"column":0},"end":{"line":3,"column":31}},"2":{"start":{"line":5,"column":37},"end":{"line":5,"column":48}},"3":{"start":{"line":7,"column":27},"end":{"line":14,"column":null}},"4":{"start":{"line":22,"column":0},"end":{"line":99,"column":null}},"5":{"start":{"line":40,"column":77},"end":{"line":98,"column":null}},"6":{"start":{"line":41,"column":4},"end":{"line":97,"column":5}},"7":{"start":{"line":42,"column":29},"end":{"line":42,"column":37}},"8":{"start":{"line":45,"column":6},"end":{"line":51,"column":7}},"9":{"start":{"line":46,"column":8},"end":{"line":50,"column":null}},"10":{"start":{"line":53,"column":6},"end":{"line":59,"column":7}},"11":{"start":{"line":54,"column":8},"end":{"line":58,"column":null}},"12":{"start":{"line":62,"column":33},"end":{"line":67,"column":31}},"13":{"start":{"line":70,"column":6},"end":{"line":75,"column":7}},"14":{"start":{"line":71,"column":8},"end":{"line":74,"column":null}},"15":{"start":{"line":78,"column":23},"end":{"line":83,"column":74}},"16":{"start":{"line":86,"column":6},"end":{"line":89,"column":null}},"17":{"start":{"line":91,"column":6},"end":{"line":91,"column":null}},"18":{"start":{"line":92,"column":6},"end":{"line":96,"column":null}}},"fnMap":{"0":{"name":"(anonymous_17)","decl":{"start":{"line":40,"column":8},"end":{"line":40,"column":15}},"loc":{"start":{"line":40,"column":77},"end":{"line":98,"column":null}}},"1":{"name":"(anonymous_18)","decl":{"start":{"line":40,"column":77},"end":{"line":40,"column":null}},"loc":{"start":{"line":40,"column":77},"end":{"line":98,"column":3}}}},"branchMap":{"0":{"loc":{"start":{"line":5,"column":8},"end":{"line":5,"column":32}},"type":"default-arg","locations":[{"start":{"line":5,"column":19},"end":{"line":5,"column":32}}]},"1":{"loc":{"start":{"line":7,"column":27},"end":{"line":14,"column":null}},"type":"cond-expr","locations":[{"start":{"line":11,"column":1},"end":{"line":11,"column":6}},{"start":{"line":11,"column":6},"end":{"line":14,"column":null}}]},"2":{"loc":{"start":{"line":7,"column":27},"end":{"line":11,"column":6}},"type":"binary-expr","locations":[{"start":{"line":7,"column":27},"end":{"line":11,"column":6}},{"start":{"line":11,"column":1},"end":{"line":11,"column":6}}]},"3":{"loc":{"start":{"line":7,"column":27},"end":{"line":10,"column":null}},"type":"cond-expr","locations":[{"start":{"line":7,"column":51},"end":{"line":7,"column":null}},{"start":{"line":7,"column":51},"end":{"line":10,"column":null}}]},"4":{"loc":{"start":{"line":7,"column":27},"end":{"line":7,"column":null}},"type":"binary-expr","locations":[{"start":{"line":7,"column":27},"end":{"line":7,"column":null}},{"start":{"line":7,"column":51},"end":{"line":7,"column":null}}]},"5":{"loc":{"start":{"line":8,"column":2},"end":{"line":10,"column":28}},"type":"cond-expr","locations":[{"start":{"line":9,"column":6},"end":{"line":9,"column":27}},{"start":{"line":10,"column":6},"end":{"line":10,"column":28}}]},"6":{"loc":{"start":{"line":8,"column":2},"end":{"line":8,"column":53}},"type":"binary-expr","locations":[{"start":{"line":8,"column":2},"end":{"line":8,"column":27}},{"start":{"line":8,"column":31},"end":{"line":8,"column":53}}]},"7":{"loc":{"start":{"line":12,"column":2},"end":{"line":14,"column":28}},"type":"cond-expr","locations":[{"start":{"line":13,"column":6},"end":{"line":13,"column":27}},{"start":{"line":14,"column":6},"end":{"line":14,"column":28}}]},"8":{"loc":{"start":{"line":12,"column":2},"end":{"line":12,"column":53}},"type":"binary-expr","locations":[{"start":{"line":12,"column":2},"end":{"line":12,"column":27}},{"start":{"line":12,"column":31},"end":{"line":12,"column":53}}]},"9":{"loc":{"start":{"line":45,"column":6},"end":{"line":51,"column":7}},"type":"if","locations":[{"start":{"line":45,"column":6},"end":{"line":51,"column":7}}]},"10":{"loc":{"start":{"line":45,"column":10},"end":{"line":45,"column":49}},"type":"binary-expr","locations":[{"start":{"line":45,"column":10},"end":{"line":45,"column":28}},{"start":{"line":45,"column":32},"end":{"line":45,"column":49}}]},"11":{"loc":{"start":{"line":53,"column":6},"end":{"line":59,"column":7}},"type":"if","locations":[{"start":{"line":53,"column":6},"end":{"line":59,"column":7}}]},"12":{"loc":{"start":{"line":70,"column":6},"end":{"line":75,"column":7}},"type":"if","locations":[{"start":{"line":70,"column":6},"end":{"line":75,"column":7}}]}},"s":{"0":1,"1":1,"2":1,"3":1,"4":1,"5":7,"6":7,"7":7,"8":7,"9":1,"10":6,"11":1,"12":5,"13":4,"14":1,"15":3,"16":3,"17":1,"18":0},"f":{"0":7,"1":7},"b":{"0":[0],"1":[1,0],"2":[1,1],"3":[0,1],"4":[1,1],"5":[0,1],"6":[1,1],"7":[0,0],"8":[0,0],"9":[1],"10":[7,6],"11":[1],"12":[1]}}
,"C:\\Users\\shimm\\Projects\\Work\\MessageBoxII\\MessageBoxServer\\src\\routes\\migrate.ts": {"path":"C:\\Users\\shimm\\Projects\\Work\\MessageBoxII\\MessageBoxServer\\src\\routes\\migrate.ts","statementMap":{"0":{"start":{"line":2,"column":0},"end":{"line":2,"column":42}},"1":{"start":{"line":3,"column":0},"end":{"line":3,"column":31}},"2":{"start":{"line":5,"column":50},"end":{"line":5,"column":61}},"3":{"start":{"line":7,"column":27},"end":{"line":14,"column":null}},"4":{"start":{"line":21,"column":0},"end":{"line":54,"column":null}},"5":{"start":{"line":26,"column":72},"end":{"line":53,"column":null}},"6":{"start":{"line":27,"column":4},"end":{"line":52,"column":5}},"7":{"start":{"line":32,"column":6},"end":{"line":45,"column":7}},"8":{"start":{"line":33,"column":23},"end":{"line":33,"column":50}},"9":{"start":{"line":34,"column":8},"end":{"line":37,"column":null}},"10":{"start":{"line":39,"column":8},"end":{"line":39,"column":null}},"11":{"start":{"line":40,"column":8},"end":{"line":44,"column":null}},"12":{"start":{"line":47,"column":6},"end":{"line":51,"column":null}}},"fnMap":{"0":{"name":"(anonymous_17)","decl":{"start":{"line":26,"column":8},"end":{"line":26,"column":15}},"loc":{"start":{"line":26,"column":72},"end":{"line":53,"column":null}}},"1":{"name":"(anonymous_18)","decl":{"start":{"line":26,"column":72},"end":{"line":26,"column":null}},"loc":{"start":{"line":26,"column":72},"end":{"line":53,"column":3}}}},"branchMap":{"0":{"loc":{"start":{"line":5,"column":8},"end":{"line":5,"column":32}},"type":"default-arg","locations":[{"start":{"line":5,"column":19},"end":{"line":5,"column":32}}]},"1":{"loc":{"start":{"line":7,"column":27},"end":{"line":14,"column":null}},"type":"cond-expr","locations":[{"start":{"line":11,"column":1},"end":{"line":11,"column":6}},{"start":{"line":11,"column":6},"end":{"line":14,"column":null}}]},"2":{"loc":{"start":{"line":7,"column":27},"end":{"line":11,"column":6}},"type":"binary-expr","locations":[{"start":{"line":7,"column":27},"end":{"line":11,"column":6}},{"start":{"line":11,"column":1},"end":{"line":11,"column":6}}]},"3":{"loc":{"start":{"line":7,"column":27},"end":{"line":10,"column":null}},"type":"cond-expr","locations":[{"start":{"line":7,"column":51},"end":{"line":7,"column":null}},{"start":{"line":7,"column":51},"end":{"line":10,"column":null}}]},"4":{"loc":{"start":{"line":7,"column":27},"end":{"line":7,"column":null}},"type":"binary-expr","locations":[{"start":{"line":7,"column":27},"end":{"line":7,"column":null}},{"start":{"line":7,"column":51},"end":{"line":7,"column":null}}]},"5":{"loc":{"start":{"line":8,"column":2},"end":{"line":10,"column":28}},"type":"cond-expr","locations":[{"start":{"line":9,"column":6},"end":{"line":9,"column":27}},{"start":{"line":10,"column":6},"end":{"line":10,"column":28}}]},"6":{"loc":{"start":{"line":8,"column":2},"end":{"line":8,"column":53}},"type":"binary-expr","locations":[{"start":{"line":8,"column":2},"end":{"line":8,"column":27}},{"start":{"line":8,"column":31},"end":{"line":8,"column":53}}]},"7":{"loc":{"start":{"line":12,"column":2},"end":{"line":14,"column":28}},"type":"cond-expr","locations":[{"start":{"line":13,"column":6},"end":{"line":13,"column":27}},{"start":{"line":14,"column":6},"end":{"line":14,"column":28}}]},"8":{"loc":{"start":{"line":12,"column":2},"end":{"line":12,"column":53}},"type":"binary-expr","locations":[{"start":{"line":12,"column":2},"end":{"line":12,"column":27}},{"start":{"line":12,"column":31},"end":{"line":12,"column":53}}]},"9":{"loc":{"start":{"line":27,"column":4},"end":{"line":52,"column":5}},"type":"if","locations":[{"start":{"line":27,"column":4},"end":{"line":52,"column":5}},{"start":{"line":46,"column":11},"end":{"line":52,"column":5}}]},"10":{"loc":{"start":{"line":28,"column":6},"end":{"line":30,"column":41}},"type":"binary-expr","locations":[{"start":{"line":28,"column":6},"end":{"line":28,"column":37}},{"start":{"line":29,"column":6},"end":{"line":29,"column":29}},{"start":{"line":30,"column":6},"end":{"line":30,"column":41}}]}},"s":{"0":1,"1":1,"2":1,"3":1,"4":1,"5":2,"6":2,"7":1,"8":1,"9":1,"10":0,"11":0,"12":1},"f":{"0":2,"1":2},"b":{"0":[0],"1":[1,0],"2":[1,1],"3":[0,1],"4":[1,1],"5":[0,1],"6":[1,1],"7":[0,0],"8":[0,0],"9":[1,1],"10":[2,2,2]}}
,"C:\\Users\\shimm\\Projects\\Work\\MessageBoxII\\MessageBoxServer\\src\\routes\\sendMessage.ts": {"path":"C:\\Users\\shimm\\Projects\\Work\\MessageBoxII\\MessageBoxServer\\src\\routes\\sendMessage.ts","statementMap":{"0":{"start":{"line":35,"column":0},"end":{"line":35,"column":16}},"1":{"start":{"line":2,"column":0},"end":{"line":2,"column":42}},"2":{"start":{"line":3,"column":0},"end":{"line":3,"column":31}},"3":{"start":{"line":4,"column":0},"end":{"line":4,"column":73}},"4":{"start":{"line":5,"column":0},"end":{"line":5,"column":39}},"5":{"start":{"line":7,"column":37},"end":{"line":7,"column":48}},"6":{"start":{"line":9,"column":27},"end":{"line":16,"column":null}},"7":{"start":{"line":36,"column":20},"end":{"line":36,"column":23}},"8":{"start":{"line":37,"column":21},"end":{"line":37,"column":78}},"9":{"start":{"line":38,"column":22},"end":{"line":38,"column":40}},"10":{"start":{"line":40,"column":2},"end":{"line":40,"column":null}},"11":{"start":{"line":44,"column":15},"end":{"line":44,"column":33}},"12":{"start":{"line":47,"column":26},"end":{"line":77,"column":2}},"13":{"start":{"line":49,"column":39},"end":{"line":76,"column":null}},"14":{"start":{"line":50,"column":4},"end":{"line":75,"column":5}},"15":{"start":{"line":51,"column":6},"end":{"line":51,"column":null}},"16":{"start":{"line":52,"column":6},"end":{"line":52,"column":null}},"17":{"start":{"line":54,"column":19},"end":{"line":54,"column":82}},"18":{"start":{"line":56,"column":6},"end":{"line":59,"column":7}},"19":{"start":{"line":57,"column":8},"end":{"line":57,"column":null}},"20":{"start":{"line":58,"column":8},"end":{"line":58,"column":null}},"21":{"start":{"line":61,"column":6},"end":{"line":61,"column":null}},"22":{"start":{"line":62,"column":44},"end":{"line":62,"column":48}},"23":{"start":{"line":64,"column":6},"end":{"line":68,"column":7}},"24":{"start":{"line":65,"column":22},"end":{"line":65,"column":67}},"25":{"start":{"line":66,"column":8},"end":{"line":66,"column":null}},"26":{"start":{"line":67,"column":8},"end":{"line":67,"column":null}},"27":{"start":{"line":70,"column":6},"end":{"line":70,"column":null}},"28":{"start":{"line":71,"column":6},"end":{"line":71,"column":null}},"29":{"start":{"line":73,"column":6},"end":{"line":73,"column":null}},"30":{"start":{"line":74,"column":6},"end":{"line":74,"column":null}},"31":{"start":{"line":79,"column":0},"end":{"line":237,"column":null}},"32":{"start":{"line":97,"column":76},"end":{"line":236,"column":null}},"33":{"start":{"line":98,"column":4},"end":{"line":98,"column":null}},"34":{"start":{"line":100,"column":4},"end":{"line":235,"column":5}},"35":{"start":{"line":102,"column":6},"end":{"line":109,"column":7}},"36":{"start":{"line":103,"column":8},"end":{"line":103,"column":null}},"37":{"start":{"line":104,"column":8},"end":{"line":108,"column":null}},"38":{"start":{"line":111,"column":6},"end":{"line":111,"column":null}},"39":{"start":{"line":113,"column":26},"end":{"line":113,"column":34}},"40":{"start":{"line":116,"column":6},"end":{"line":122,"column":7}},"41":{"start":{"line":117,"column":8},"end":{"line":121,"column":null}},"42":{"start":{"line":123,"column":6},"end":{"line":129,"column":7}},"43":{"start":{"line":124,"column":8},"end":{"line":128,"column":null}},"44":{"start":{"line":130,"column":6},"end":{"line":136,"column":7}},"45":{"start":{"line":131,"column":8},"end":{"line":135,"column":null}},"46":{"start":{"line":137,"column":6},"end":{"line":143,"column":7}},"47":{"start":{"line":138,"column":8},"end":{"line":142,"column":null}},"48":{"start":{"line":144,"column":6},"end":{"line":156,"column":7}},"49":{"start":{"line":145,"column":8},"end":{"line":149,"column":null}},"50":{"start":{"line":150,"column":13},"end":{"line":156,"column":7}},"51":{"start":{"line":151,"column":8},"end":{"line":155,"column":null}},"52":{"start":{"line":158,"column":6},"end":{"line":164,"column":7}},"53":{"start":{"line":159,"column":8},"end":{"line":163,"column":null}},"54":{"start":{"line":167,"column":25},"end":{"line":172,"column":43}},"55":{"start":{"line":175,"column":6},"end":{"line":182,"column":7}},"56":{"start":{"line":176,"column":8},"end":{"line":181,"column":null}},"57":{"start":{"line":185,"column":33},"end":{"line":190,"column":31}},"58":{"start":{"line":193,"column":6},"end":{"line":199,"column":7}},"59":{"start":{"line":194,"column":8},"end":{"line":198,"column":null}},"60":{"start":{"line":202,"column":6},"end":{"line":221,"column":7}},"61":{"start":{"line":203,"column":8},"end":{"line":211,"column":null}},"62":{"start":{"line":213,"column":8},"end":{"line":219,"column":9}},"63":{"start":{"line":214,"column":10},"end":{"line":218,"column":null}},"64":{"start":{"line":220,"column":8},"end":{"line":220,"column":null}},"65":{"start":{"line":223,"column":6},"end":{"line":226,"column":null}},"66":{"start":{"line":228,"column":6},"end":{"line":228,"column":null}},"67":{"start":{"line":229,"column":6},"end":{"line":229,"column":null}},"68":{"start":{"line":229,"column":38},"end":{"line":229,"column":null}},"69":{"start":{"line":230,"column":6},"end":{"line":234,"column":null}}},"fnMap":{"0":{"name":"calculateMessagePrice","decl":{"start":{"line":35,"column":16},"end":{"line":35,"column":37}},"loc":{"start":{"line":35,"column":81},"end":{"line":41,"column":1}}},"1":{"name":"(anonymous_18)","decl":{"start":{"line":49,"column":25},"end":{"line":49,"column":32}},"loc":{"start":{"line":49,"column":39},"end":{"line":76,"column":null}}},"2":{"name":"(anonymous_19)","decl":{"start":{"line":49,"column":39},"end":{"line":49,"column":null}},"loc":{"start":{"line":49,"column":39},"end":{"line":76,"column":3}}},"3":{"name":"(anonymous_20)","decl":{"start":{"line":97,"column":8},"end":{"line":97,"column":15}},"loc":{"start":{"line":97,"column":76},"end":{"line":236,"column":null}}},"4":{"name":"(anonymous_21)","decl":{"start":{"line":97,"column":76},"end":{"line":97,"column":null}},"loc":{"start":{"line":97,"column":76},"end":{"line":236,"column":3}}}},"branchMap":{"0":{"loc":{"start":{"line":7,"column":8},"end":{"line":7,"column":32}},"type":"default-arg","locations":[{"start":{"line":7,"column":19},"end":{"line":7,"column":32}}]},"1":{"loc":{"start":{"line":9,"column":27},"end":{"line":16,"column":null}},"type":"cond-expr","locations":[{"start":{"line":13,"column":1},"end":{"line":13,"column":6}},{"start":{"line":13,"column":6},"end":{"line":16,"column":null}}]},"2":{"loc":{"start":{"line":9,"column":27},"end":{"line":13,"column":6}},"type":"binary-expr","locations":[{"start":{"line":9,"column":27},"end":{"line":13,"column":6}},{"start":{"line":13,"column":1},"end":{"line":13,"column":6}}]},"3":{"loc":{"start":{"line":9,"column":27},"end":{"line":12,"column":null}},"type":"cond-expr","locations":[{"start":{"line":9,"column":51},"end":{"line":9,"column":null}},{"start":{"line":9,"column":51},"end":{"line":12,"column":null}}]},"4":{"loc":{"start":{"line":9,"column":27},"end":{"line":9,"column":null}},"type":"binary-expr","locations":[{"start":{"line":9,"column":27},"end":{"line":9,"column":null}},{"start":{"line":9,"column":51},"end":{"line":9,"column":null}}]},"5":{"loc":{"start":{"line":10,"column":2},"end":{"line":12,"column":28}},"type":"cond-expr","locations":[{"start":{"line":11,"column":6},"end":{"line":11,"column":27}},{"start":{"line":12,"column":6},"end":{"line":12,"column":28}}]},"6":{"loc":{"start":{"line":10,"column":2},"end":{"line":10,"column":53}},"type":"binary-expr","locations":[{"start":{"line":10,"column":2},"end":{"line":10,"column":27}},{"start":{"line":10,"column":31},"end":{"line":10,"column":53}}]},"7":{"loc":{"start":{"line":14,"column":2},"end":{"line":16,"column":28}},"type":"cond-expr","locations":[{"start":{"line":15,"column":6},"end":{"line":15,"column":27}},{"start":{"line":16,"column":6},"end":{"line":16,"column":28}}]},"8":{"loc":{"start":{"line":14,"column":2},"end":{"line":14,"column":53}},"type":"binary-expr","locations":[{"start":{"line":14,"column":2},"end":{"line":14,"column":27}},{"start":{"line":14,"column":31},"end":{"line":14,"column":53}}]},"9":{"loc":{"start":{"line":35,"column":56},"end":{"line":35,"column":81}},"type":"default-arg","locations":[{"start":{"line":35,"column":76},"end":{"line":35,"column":81}}]},"10":{"loc":{"start":{"line":38,"column":22},"end":{"line":38,"column":40}},"type":"cond-expr","locations":[{"start":{"line":38,"column":33},"end":{"line":38,"column":36}},{"start":{"line":38,"column":39},"end":{"line":38,"column":40}}]},"11":{"loc":{"start":{"line":56,"column":6},"end":{"line":59,"column":7}},"type":"if","locations":[{"start":{"line":56,"column":6},"end":{"line":59,"column":7}}]},"12":{"loc":{"start":{"line":56,"column":10},"end":{"line":56,"column":50}},"type":"binary-expr","locations":[{"start":{"line":56,"column":10},"end":{"line":56,"column":22}},{"start":{"line":56,"column":26},"end":{"line":56,"column":50}}]},"13":{"loc":{"start":{"line":62,"column":23},"end":{"line":62,"column":39}},"type":"default-arg","locations":[{"start":{"line":62,"column":34},"end":{"line":62,"column":39}}]},"14":{"loc":{"start":{"line":64,"column":6},"end":{"line":68,"column":7}},"type":"if","locations":[{"start":{"line":64,"column":6},"end":{"line":68,"column":7}}]},"15":{"loc":{"start":{"line":64,"column":10},"end":{"line":64,"column":61}},"type":"binary-expr","locations":[{"start":{"line":64,"column":10},"end":{"line":64,"column":31}},{"start":{"line":64,"column":35},"end":{"line":64,"column":61}}]},"16":{"loc":{"start":{"line":64,"column":10},"end":{"line":64,"column":23}},"type":"cond-expr","locations":[{"start":{"line":64,"column":17},"end":{"line":64,"column":19}},{"start":{"line":64,"column":10},"end":{"line":64,"column":23}}]},"17":{"loc":{"start":{"line":64,"column":10},"end":{"line":64,"column":19}},"type":"binary-expr","locations":[{"start":{"line":64,"column":10},"end":{"line":64,"column":19}},{"start":{"line":64,"column":10},"end":{"line":64,"column":19}}]},"18":{"loc":{"start":{"line":102,"column":6},"end":{"line":109,"column":7}},"type":"if","locations":[{"start":{"line":102,"column":6},"end":{"line":109,"column":7}}]},"19":{"loc":{"start":{"line":102,"column":10},"end":{"line":102,"column":71}},"type":"binary-expr","locations":[{"start":{"line":102,"column":10},"end":{"line":102,"column":29}},{"start":{"line":102,"column":33},"end":{"line":102,"column":71}}]},"20":{"loc":{"start":{"line":116,"column":6},"end":{"line":122,"column":7}},"type":"if","locations":[{"start":{"line":116,"column":6},"end":{"line":122,"column":7}}]},"21":{"loc":{"start":{"line":123,"column":6},"end":{"line":129,"column":7}},"type":"if","locations":[{"start":{"line":123,"column":6},"end":{"line":129,"column":7}}]},"22":{"loc":{"start":{"line":130,"column":6},"end":{"line":136,"column":7}},"type":"if","locations":[{"start":{"line":130,"column":6},"end":{"line":136,"column":7}}]},"23":{"loc":{"start":{"line":130,"column":10},"end":{"line":130,"column":147}},"type":"binary-expr","locations":[{"start":{"line":130,"column":10},"end":{"line":130,"column":41}},{"start":{"line":130,"column":45},"end":{"line":130,"column":71}},{"start":{"line":130,"column":75},"end":{"line":130,"column":112}},{"start":{"line":130,"column":116},"end":{"line":130,"column":147}}]},"24":{"loc":{"start":{"line":137,"column":6},"end":{"line":143,"column":7}},"type":"if","locations":[{"start":{"line":137,"column":6},"end":{"line":143,"column":7}}]},"25":{"loc":{"start":{"line":137,"column":10},"end":{"line":137,"column":112}},"type":"binary-expr","locations":[{"start":{"line":137,"column":10},"end":{"line":137,"column":41}},{"start":{"line":137,"column":45},"end":{"line":137,"column":71}},{"start":{"line":137,"column":75},"end":{"line":137,"column":112}}]},"26":{"loc":{"start":{"line":144,"column":6},"end":{"line":156,"column":7}},"type":"if","locations":[{"start":{"line":144,"column":6},"end":{"line":156,"column":7}},{"start":{"line":150,"column":13},"end":{"line":156,"column":7}}]},"27":{"loc":{"start":{"line":144,"column":10},"end":{"line":144,"column":61}},"type":"binary-expr","locations":[{"start":{"line":144,"column":10},"end":{"line":144,"column":36}},{"start":{"line":144,"column":40},"end":{"line":144,"column":61}}]},"28":{"loc":{"start":{"line":150,"column":13},"end":{"line":156,"column":7}},"type":"if","locations":[{"start":{"line":150,"column":13},"end":{"line":156,"column":7}}]},"29":{"loc":{"start":{"line":158,"column":6},"end":{"line":164,"column":7}},"type":"if","locations":[{"start":{"line":158,"column":6},"end":{"line":164,"column":7}}]},"30":{"loc":{"start":{"line":158,"column":10},"end":{"line":158,"column":97}},"type":"binary-expr","locations":[{"start":{"line":158,"column":10},"end":{"line":158,"column":36}},{"start":{"line":158,"column":40},"end":{"line":158,"column":61}},{"start":{"line":158,"column":65},"end":{"line":158,"column":97}}]},"31":{"loc":{"start":{"line":175,"column":6},"end":{"line":182,"column":7}},"type":"if","locations":[{"start":{"line":175,"column":6},"end":{"line":182,"column":7}}]},"32":{"loc":{"start":{"line":175,"column":10},"end":{"line":175,"column":54}},"type":"binary-expr","locations":[{"start":{"line":175,"column":10},"end":{"line":175,"column":34}},{"start":{"line":175,"column":38},"end":{"line":175,"column":54}}]},"33":{"loc":{"start":{"line":193,"column":6},"end":{"line":199,"column":7}},"type":"if","locations":[{"start":{"line":193,"column":6},"end":{"line":199,"column":7}}]},"34":{"loc":{"start":{"line":193,"column":10},"end":{"line":193,"column":69}},"type":"binary-expr","locations":[{"start":{"line":193,"column":10},"end":{"line":193,"column":40}},{"start":{"line":193,"column":44},"end":{"line":193,"column":69}}]},"35":{"loc":{"start":{"line":213,"column":8},"end":{"line":219,"column":9}},"type":"if","locations":[{"start":{"line":213,"column":8},"end":{"line":219,"column":9}}]},"36":{"loc":{"start":{"line":229,"column":6},"end":{"line":229,"column":null}},"type":"if","locations":[{"start":{"line":229,"column":6},"end":{"line":229,"column":null}}]}},"s":{"0":1,"1":1,"2":1,"3":1,"4":1,"5":1,"6":1,"7":14,"8":14,"9":14,"10":14,"11":1,"12":1,"13":0,"14":0,"15":0,"16":0,"17":0,"18":0,"19":0,"20":0,"21":0,"22":0,"23":0,"24":0,"25":0,"26":0,"27":0,"28":0,"29":0,"30":0,"31":1,"32":8,"33":8,"34":8,"35":8,"36":0,"37":0,"38":8,"39":8,"40":8,"41":1,"42":7,"43":1,"44":6,"45":2,"46":4,"47":0,"48":4,"49":1,"50":3,"51":2,"52":1,"53":1,"54":0,"55":0,"56":0,"57":0,"58":0,"59":0,"60":0,"61":0,"62":0,"63":0,"64":0,"65":0,"66":0,"67":0,"68":0,"69":0},"f":{"0":14,"1":0,"2":0,"3":8,"4":8},"b":{"0":[0],"1":[1,0],"2":[1,1],"3":[0,1],"4":[1,1],"5":[0,1],"6":[1,1],"7":[0,0],"8":[0,0],"9":[13],"10":[1,13],"11":[0],"12":[0,0],"13":[0],"14":[0],"15":[0,0],"16":[0,0],"17":[0,0],"18":[0],"19":[8,8],"20":[1],"21":[1],"22":[2],"23":[6,5,5,4],"24":[0],"25":[4,4,4],"26":[1,3],"27":[4,3],"28":[2],"29":[1],"30":[1,1,1],"31":[0],"32":[0,0],"33":[0],"34":[0,0],"35":[0],"36":[0]}}
}
