TN:
SF:knexfile.js
FN:7,(anonymous_0)
FNF:1
FNH:1
FNDA:4,(anonymous_0)
DA:1,4
DA:3,4
DA:5,4
DA:8,4
DA:9,4
DA:11,0
DA:12,0
DA:27,4
DA:33,4
LF:9
LH:7
BRDA:9,0,0,0
BRDA:9,0,1,4
BRF:2
BRH:1
end_of_record
TN:
SF:src\routes\acknowledgeMessage.ts
FN:34,(anonymous_17)
FN:34,(anonymous_18)
FN:47,(anonymous_19)
FNF:3
FNH:3
FNDA:5,(anonymous_17)
FNDA:5,(anonymous_18)
FNDA:3,(anonymous_19)
DA:2,1
DA:3,1
DA:5,1
DA:7,1
DA:22,1
DA:34,5
DA:35,5
DA:36,5
DA:39,5
DA:40,1
DA:47,4
DA:48,1
DA:56,3
DA:61,2
DA:62,1
DA:69,1
DA:70,0
DA:73,1
DA:75,1
DA:76,0
LF:20
LH:18
BRDA:5,0,0,0
BRDA:7,1,0,1
BRDA:7,1,1,0
BRDA:7,2,0,1
BRDA:7,2,1,1
BRDA:7,3,0,0
BRDA:7,3,1,1
BRDA:7,4,0,1
BRDA:7,4,1,1
BRDA:8,5,0,0
BRDA:8,5,1,1
BRDA:8,6,0,1
BRDA:8,6,1,1
BRDA:12,7,0,0
BRDA:12,7,1,0
BRDA:12,8,0,0
BRDA:12,8,1,0
BRDA:39,9,0,1
BRDA:39,10,0,5
BRDA:39,10,1,4
BRDA:39,10,2,3
BRDA:47,11,0,1
BRDA:47,12,0,4
BRDA:47,12,1,3
BRDA:58,13,0,3
BRDA:58,13,1,0
BRDA:61,14,0,1
BRDA:69,15,0,0
BRF:28
BRH:18
end_of_record
TN:
SF:src\routes\listMessages.ts
FN:40,(anonymous_17)
FN:40,(anonymous_18)
FNF:2
FNH:2
FNDA:7,(anonymous_17)
FNDA:7,(anonymous_18)
DA:2,1
DA:3,1
DA:5,1
DA:7,1
DA:22,1
DA:40,7
DA:41,7
DA:42,7
DA:45,7
DA:46,1
DA:53,6
DA:54,1
DA:62,5
DA:70,4
DA:71,1
DA:78,3
DA:86,3
DA:91,1
DA:92,0
LF:19
LH:18
BRDA:5,0,0,0
BRDA:7,1,0,1
BRDA:7,1,1,0
BRDA:7,2,0,1
BRDA:7,2,1,1
BRDA:7,3,0,0
BRDA:7,3,1,1
BRDA:7,4,0,1
BRDA:7,4,1,1
BRDA:8,5,0,0
BRDA:8,5,1,1
BRDA:8,6,0,1
BRDA:8,6,1,1
BRDA:12,7,0,0
BRDA:12,7,1,0
BRDA:12,8,0,0
BRDA:12,8,1,0
BRDA:45,9,0,1
BRDA:45,10,0,7
BRDA:45,10,1,6
BRDA:53,11,0,1
BRDA:70,12,0,1
BRF:22
BRH:14
end_of_record
TN:
SF:src\routes\migrate.ts
FN:26,(anonymous_17)
FN:26,(anonymous_18)
FNF:2
FNH:2
FNDA:2,(anonymous_17)
FNDA:2,(anonymous_18)
DA:2,1
DA:3,1
DA:5,1
DA:7,1
DA:21,1
DA:26,2
DA:27,2
DA:32,1
DA:33,1
DA:34,1
DA:39,0
DA:40,0
DA:47,1
LF:13
LH:11
BRDA:5,0,0,0
BRDA:7,1,0,1
BRDA:7,1,1,0
BRDA:7,2,0,1
BRDA:7,2,1,1
BRDA:7,3,0,0
BRDA:7,3,1,1
BRDA:7,4,0,1
BRDA:7,4,1,1
BRDA:8,5,0,0
BRDA:8,5,1,1
BRDA:8,6,0,1
BRDA:8,6,1,1
BRDA:12,7,0,0
BRDA:12,7,1,0
BRDA:12,8,0,0
BRDA:12,8,1,0
BRDA:27,9,0,1
BRDA:27,9,1,1
BRDA:28,10,0,2
BRDA:28,10,1,2
BRDA:28,10,2,2
BRF:22
BRH:14
end_of_record
TN:
SF:src\routes\sendMessage.ts
FN:35,calculateMessagePrice
FN:49,(anonymous_18)
FN:49,(anonymous_19)
FN:97,(anonymous_20)
FN:97,(anonymous_21)
FNF:5
FNH:3
FNDA:14,calculateMessagePrice
FNDA:0,(anonymous_18)
FNDA:0,(anonymous_19)
FNDA:8,(anonymous_20)
FNDA:8,(anonymous_21)
DA:2,1
DA:3,1
DA:4,1
DA:5,1
DA:7,1
DA:9,1
DA:35,1
DA:36,14
DA:37,14
DA:38,14
DA:40,14
DA:44,1
DA:47,1
DA:49,0
DA:50,0
DA:51,0
DA:52,0
DA:54,0
DA:56,0
DA:57,0
DA:58,0
DA:61,0
DA:62,0
DA:64,0
DA:65,0
DA:66,0
DA:67,0
DA:70,0
DA:71,0
DA:73,0
DA:74,0
DA:79,1
DA:97,8
DA:98,8
DA:100,8
DA:102,8
DA:103,0
DA:104,0
DA:111,8
DA:113,8
DA:116,8
DA:117,1
DA:123,7
DA:124,1
DA:130,6
DA:131,2
DA:137,4
DA:138,0
DA:144,4
DA:145,1
DA:150,3
DA:151,2
DA:158,1
DA:159,1
DA:167,0
DA:175,0
DA:176,0
DA:185,0
DA:193,0
DA:194,0
DA:202,0
DA:203,0
DA:213,0
DA:214,0
DA:220,0
DA:223,0
DA:228,0
DA:229,0
DA:230,0
LF:69
LH:33
BRDA:7,0,0,0
BRDA:9,1,0,1
BRDA:9,1,1,0
BRDA:9,2,0,1
BRDA:9,2,1,1
BRDA:9,3,0,0
BRDA:9,3,1,1
BRDA:9,4,0,1
BRDA:9,4,1,1
BRDA:10,5,0,0
BRDA:10,5,1,1
BRDA:10,6,0,1
BRDA:10,6,1,1
BRDA:14,7,0,0
BRDA:14,7,1,0
BRDA:14,8,0,0
BRDA:14,8,1,0
BRDA:35,9,0,13
BRDA:38,10,0,1
BRDA:38,10,1,13
BRDA:56,11,0,0
BRDA:56,12,0,0
BRDA:56,12,1,0
BRDA:62,13,0,0
BRDA:64,14,0,0
BRDA:64,15,0,0
BRDA:64,15,1,0
BRDA:64,16,0,0
BRDA:64,16,1,0
BRDA:64,17,0,0
BRDA:64,17,1,0
BRDA:102,18,0,0
BRDA:102,19,0,8
BRDA:102,19,1,8
BRDA:116,20,0,1
BRDA:123,21,0,1
BRDA:130,22,0,2
BRDA:130,23,0,6
BRDA:130,23,1,5
BRDA:130,23,2,5
BRDA:130,23,3,4
BRDA:137,24,0,0
BRDA:137,25,0,4
BRDA:137,25,1,4
BRDA:137,25,2,4
BRDA:144,26,0,1
BRDA:144,26,1,3
BRDA:144,27,0,4
BRDA:144,27,1,3
BRDA:150,28,0,2
BRDA:158,29,0,1
BRDA:158,30,0,1
BRDA:158,30,1,1
BRDA:158,30,2,1
BRDA:175,31,0,0
BRDA:175,32,0,0
BRDA:175,32,1,0
BRDA:193,33,0,0
BRDA:193,34,0,0
BRDA:193,34,1,0
BRDA:213,35,0,0
BRDA:229,36,0,0
BRF:62
BRH:33
end_of_record
